<?xml version="1.0" encoding="UTF-8"?>
<!-- Generated by org.testng.reporters.JUnitReportReporter -->
<testsuite hostname="Tulsis-MBP.attlocal.net" failures="0" tests="1" name="Test" time="0.002" errors="0" timestamp="2020-07-27T08:43:54 CDT" skipped="0">
  <testcase classname="Test" name="Test" time="0.002"/>
  <system-out/>
</testsuite> <!-- Test -->
